running egg_info
creating build/ros2_entregavel2/ros2_entregavel2.egg-info
writing build/ros2_entregavel2/ros2_entregavel2.egg-info/PKG-INFO
writing dependency_links to build/ros2_entregavel2/ros2_entregavel2.egg-info/dependency_links.txt
writing entry points to build/ros2_entregavel2/ros2_entregavel2.egg-info/entry_points.txt
writing requirements to build/ros2_entregavel2/ros2_entregavel2.egg-info/requires.txt
writing top-level names to build/ros2_entregavel2/ros2_entregavel2.egg-info/top_level.txt
writing manifest file 'build/ros2_entregavel2/ros2_entregavel2.egg-info/SOURCES.txt'
reading manifest file 'build/ros2_entregavel2/ros2_entregavel2.egg-info/SOURCES.txt'
writing manifest file 'build/ros2_entregavel2/ros2_entregavel2.egg-info/SOURCES.txt'
running build
running build_py
creating /home/joao/Documents/GitHub/Module8-exercises/entregavel02/src/ros2_entregavel2/build/ros2_entregavel2/build
creating /home/joao/Documents/GitHub/Module8-exercises/entregavel02/src/ros2_entregavel2/build/ros2_entregavel2/build/lib
creating /home/joao/Documents/GitHub/Module8-exercises/entregavel02/src/ros2_entregavel2/build/ros2_entregavel2/build/lib/ros2_entregavel2
copying ros2_entregavel2/__init__.py -> /home/joao/Documents/GitHub/Module8-exercises/entregavel02/src/ros2_entregavel2/build/ros2_entregavel2/build/lib/ros2_entregavel2
copying ros2_entregavel2/actions.py -> /home/joao/Documents/GitHub/Module8-exercises/entregavel02/src/ros2_entregavel2/build/ros2_entregavel2/build/lib/ros2_entregavel2
copying ros2_entregavel2/chatbot.py -> /home/joao/Documents/GitHub/Module8-exercises/entregavel02/src/ros2_entregavel2/build/ros2_entregavel2/build/lib/ros2_entregavel2
running install
running install_lib
creating /home/joao/Documents/GitHub/Module8-exercises/entregavel02/src/ros2_entregavel2/install/ros2_entregavel2/lib/python3.10/site-packages/ros2_entregavel2
copying /home/joao/Documents/GitHub/Module8-exercises/entregavel02/src/ros2_entregavel2/build/ros2_entregavel2/build/lib/ros2_entregavel2/__init__.py -> /home/joao/Documents/GitHub/Module8-exercises/entregavel02/src/ros2_entregavel2/install/ros2_entregavel2/lib/python3.10/site-packages/ros2_entregavel2
copying /home/joao/Documents/GitHub/Module8-exercises/entregavel02/src/ros2_entregavel2/build/ros2_entregavel2/build/lib/ros2_entregavel2/actions.py -> /home/joao/Documents/GitHub/Module8-exercises/entregavel02/src/ros2_entregavel2/install/ros2_entregavel2/lib/python3.10/site-packages/ros2_entregavel2
copying /home/joao/Documents/GitHub/Module8-exercises/entregavel02/src/ros2_entregavel2/build/ros2_entregavel2/build/lib/ros2_entregavel2/chatbot.py -> /home/joao/Documents/GitHub/Module8-exercises/entregavel02/src/ros2_entregavel2/install/ros2_entregavel2/lib/python3.10/site-packages/ros2_entregavel2
byte-compiling /home/joao/Documents/GitHub/Module8-exercises/entregavel02/src/ros2_entregavel2/install/ros2_entregavel2/lib/python3.10/site-packages/ros2_entregavel2/__init__.py to __init__.cpython-310.pyc
byte-compiling /home/joao/Documents/GitHub/Module8-exercises/entregavel02/src/ros2_entregavel2/install/ros2_entregavel2/lib/python3.10/site-packages/ros2_entregavel2/actions.py to actions.cpython-310.pyc
byte-compiling /home/joao/Documents/GitHub/Module8-exercises/entregavel02/src/ros2_entregavel2/install/ros2_entregavel2/lib/python3.10/site-packages/ros2_entregavel2/chatbot.py to chatbot.cpython-310.pyc
running install_data
creating /home/joao/Documents/GitHub/Module8-exercises/entregavel02/src/ros2_entregavel2/install/ros2_entregavel2/share/ament_index
creating /home/joao/Documents/GitHub/Module8-exercises/entregavel02/src/ros2_entregavel2/install/ros2_entregavel2/share/ament_index/resource_index
creating /home/joao/Documents/GitHub/Module8-exercises/entregavel02/src/ros2_entregavel2/install/ros2_entregavel2/share/ament_index/resource_index/packages
copying resource/ros2_entregavel2 -> /home/joao/Documents/GitHub/Module8-exercises/entregavel02/src/ros2_entregavel2/install/ros2_entregavel2/share/ament_index/resource_index/packages
copying package.xml -> /home/joao/Documents/GitHub/Module8-exercises/entregavel02/src/ros2_entregavel2/install/ros2_entregavel2/share/ros2_entregavel2
running install_egg_info
Copying build/ros2_entregavel2/ros2_entregavel2.egg-info to /home/joao/Documents/GitHub/Module8-exercises/entregavel02/src/ros2_entregavel2/install/ros2_entregavel2/lib/python3.10/site-packages/ros2_entregavel2-0.0.0-py3.10.egg-info
running install_scripts
writing list of installed files to '/home/joao/Documents/GitHub/Module8-exercises/entregavel02/src/ros2_entregavel2/build/ros2_entregavel2/install.log'
