running egg_info
creating build/ros2_pkg_entregavel/ros2_pkg_entregavel.egg-info
writing build/ros2_pkg_entregavel/ros2_pkg_entregavel.egg-info/PKG-INFO
writing dependency_links to build/ros2_pkg_entregavel/ros2_pkg_entregavel.egg-info/dependency_links.txt
writing entry points to build/ros2_pkg_entregavel/ros2_pkg_entregavel.egg-info/entry_points.txt
writing requirements to build/ros2_pkg_entregavel/ros2_pkg_entregavel.egg-info/requires.txt
writing top-level names to build/ros2_pkg_entregavel/ros2_pkg_entregavel.egg-info/top_level.txt
writing manifest file 'build/ros2_pkg_entregavel/ros2_pkg_entregavel.egg-info/SOURCES.txt'
reading manifest file 'build/ros2_pkg_entregavel/ros2_pkg_entregavel.egg-info/SOURCES.txt'
writing manifest file 'build/ros2_pkg_entregavel/ros2_pkg_entregavel.egg-info/SOURCES.txt'
running build
running build_py
creating /home/joao/Documents/GitHub/Module8-exercises/entregavel01/src/ros2_pkg_entregavel/build/ros2_pkg_entregavel/build
creating /home/joao/Documents/GitHub/Module8-exercises/entregavel01/src/ros2_pkg_entregavel/build/ros2_pkg_entregavel/build/lib
creating /home/joao/Documents/GitHub/Module8-exercises/entregavel01/src/ros2_pkg_entregavel/build/ros2_pkg_entregavel/build/lib/ros2_pkg_entregavel
copying ros2_pkg_entregavel/__init__.py -> /home/joao/Documents/GitHub/Module8-exercises/entregavel01/src/ros2_pkg_entregavel/build/ros2_pkg_entregavel/build/lib/ros2_pkg_entregavel
copying ros2_pkg_entregavel/teste.py -> /home/joao/Documents/GitHub/Module8-exercises/entregavel01/src/ros2_pkg_entregavel/build/ros2_pkg_entregavel/build/lib/ros2_pkg_entregavel
running install
running install_lib
creating /home/joao/Documents/GitHub/Module8-exercises/entregavel01/src/ros2_pkg_entregavel/install/ros2_pkg_entregavel/lib/python3.10/site-packages/ros2_pkg_entregavel
copying /home/joao/Documents/GitHub/Module8-exercises/entregavel01/src/ros2_pkg_entregavel/build/ros2_pkg_entregavel/build/lib/ros2_pkg_entregavel/__init__.py -> /home/joao/Documents/GitHub/Module8-exercises/entregavel01/src/ros2_pkg_entregavel/install/ros2_pkg_entregavel/lib/python3.10/site-packages/ros2_pkg_entregavel
copying /home/joao/Documents/GitHub/Module8-exercises/entregavel01/src/ros2_pkg_entregavel/build/ros2_pkg_entregavel/build/lib/ros2_pkg_entregavel/teste.py -> /home/joao/Documents/GitHub/Module8-exercises/entregavel01/src/ros2_pkg_entregavel/install/ros2_pkg_entregavel/lib/python3.10/site-packages/ros2_pkg_entregavel
byte-compiling /home/joao/Documents/GitHub/Module8-exercises/entregavel01/src/ros2_pkg_entregavel/install/ros2_pkg_entregavel/lib/python3.10/site-packages/ros2_pkg_entregavel/__init__.py to __init__.cpython-310.pyc
byte-compiling /home/joao/Documents/GitHub/Module8-exercises/entregavel01/src/ros2_pkg_entregavel/install/ros2_pkg_entregavel/lib/python3.10/site-packages/ros2_pkg_entregavel/teste.py to teste.cpython-310.pyc
running install_data
creating /home/joao/Documents/GitHub/Module8-exercises/entregavel01/src/ros2_pkg_entregavel/install/ros2_pkg_entregavel/share/ament_index
creating /home/joao/Documents/GitHub/Module8-exercises/entregavel01/src/ros2_pkg_entregavel/install/ros2_pkg_entregavel/share/ament_index/resource_index
creating /home/joao/Documents/GitHub/Module8-exercises/entregavel01/src/ros2_pkg_entregavel/install/ros2_pkg_entregavel/share/ament_index/resource_index/packages
copying resource/ros2_pkg_entregavel -> /home/joao/Documents/GitHub/Module8-exercises/entregavel01/src/ros2_pkg_entregavel/install/ros2_pkg_entregavel/share/ament_index/resource_index/packages
copying package.xml -> /home/joao/Documents/GitHub/Module8-exercises/entregavel01/src/ros2_pkg_entregavel/install/ros2_pkg_entregavel/share/ros2_pkg_entregavel
creating /home/joao/Documents/GitHub/Module8-exercises/entregavel01/src/ros2_pkg_entregavel/install/ros2_pkg_entregavel/share/ros2_pkg_entregavel/launch
running install_egg_info
Copying build/ros2_pkg_entregavel/ros2_pkg_entregavel.egg-info to /home/joao/Documents/GitHub/Module8-exercises/entregavel01/src/ros2_pkg_entregavel/install/ros2_pkg_entregavel/lib/python3.10/site-packages/ros2_pkg_entregavel-0.0.0-py3.10.egg-info
running install_scripts
Installing teste script to /home/joao/Documents/GitHub/Module8-exercises/entregavel01/src/ros2_pkg_entregavel/install/ros2_pkg_entregavel/lib/ros2_pkg_entregavel
writing list of installed files to '/home/joao/Documents/GitHub/Module8-exercises/entregavel01/src/ros2_pkg_entregavel/build/ros2_pkg_entregavel/install.log'
