[0.614s] Invoking command in '/home/joao/Documents/GitHub/Module8-exercises/entregavel01/src/ros2_pkg_entregavel': PYTHONPATH=/home/joao/Documents/GitHub/Module8-exercises/entregavel01/src/ros2_pkg_entregavel/build/ros2_pkg_entregavel/prefix_override:/home/joao/Documents/GitHub/Module8-exercises/entregavel01/src/ros2_pkg_entregavel/install/ros2_pkg_entregavel/lib/python3.10/site-packages:${PYTHONPATH} /usr/bin/python3 setup.py egg_info --egg-base build/ros2_pkg_entregavel build --build-base /home/joao/Documents/GitHub/Module8-exercises/entregavel01/src/ros2_pkg_entregavel/build/ros2_pkg_entregavel/build install --record /home/joao/Documents/GitHub/Module8-exercises/entregavel01/src/ros2_pkg_entregavel/build/ros2_pkg_entregavel/install.log --single-version-externally-managed
[0.798s] running egg_info
[0.798s] creating build/ros2_pkg_entregavel/ros2_pkg_entregavel.egg-info
[0.798s] writing build/ros2_pkg_entregavel/ros2_pkg_entregavel.egg-info/PKG-INFO
[0.799s] writing dependency_links to build/ros2_pkg_entregavel/ros2_pkg_entregavel.egg-info/dependency_links.txt
[0.799s] writing entry points to build/ros2_pkg_entregavel/ros2_pkg_entregavel.egg-info/entry_points.txt
[0.799s] writing requirements to build/ros2_pkg_entregavel/ros2_pkg_entregavel.egg-info/requires.txt
[0.799s] writing top-level names to build/ros2_pkg_entregavel/ros2_pkg_entregavel.egg-info/top_level.txt
[0.799s] writing manifest file 'build/ros2_pkg_entregavel/ros2_pkg_entregavel.egg-info/SOURCES.txt'
[0.800s] reading manifest file 'build/ros2_pkg_entregavel/ros2_pkg_entregavel.egg-info/SOURCES.txt'
[0.801s] writing manifest file 'build/ros2_pkg_entregavel/ros2_pkg_entregavel.egg-info/SOURCES.txt'
[0.801s] running build
[0.801s] running build_py
[0.801s] creating /home/joao/Documents/GitHub/Module8-exercises/entregavel01/src/ros2_pkg_entregavel/build/ros2_pkg_entregavel/build
[0.801s] creating /home/joao/Documents/GitHub/Module8-exercises/entregavel01/src/ros2_pkg_entregavel/build/ros2_pkg_entregavel/build/lib
[0.802s] creating /home/joao/Documents/GitHub/Module8-exercises/entregavel01/src/ros2_pkg_entregavel/build/ros2_pkg_entregavel/build/lib/ros2_pkg_entregavel
[0.802s] copying ros2_pkg_entregavel/__init__.py -> /home/joao/Documents/GitHub/Module8-exercises/entregavel01/src/ros2_pkg_entregavel/build/ros2_pkg_entregavel/build/lib/ros2_pkg_entregavel
[0.802s] copying ros2_pkg_entregavel/teste.py -> /home/joao/Documents/GitHub/Module8-exercises/entregavel01/src/ros2_pkg_entregavel/build/ros2_pkg_entregavel/build/lib/ros2_pkg_entregavel
[0.802s] running install
[0.802s] running install_lib
[0.802s] creating /home/joao/Documents/GitHub/Module8-exercises/entregavel01/src/ros2_pkg_entregavel/install/ros2_pkg_entregavel/lib/python3.10/site-packages/ros2_pkg_entregavel
[0.802s] copying /home/joao/Documents/GitHub/Module8-exercises/entregavel01/src/ros2_pkg_entregavel/build/ros2_pkg_entregavel/build/lib/ros2_pkg_entregavel/__init__.py -> /home/joao/Documents/GitHub/Module8-exercises/entregavel01/src/ros2_pkg_entregavel/install/ros2_pkg_entregavel/lib/python3.10/site-packages/ros2_pkg_entregavel
[0.802s] copying /home/joao/Documents/GitHub/Module8-exercises/entregavel01/src/ros2_pkg_entregavel/build/ros2_pkg_entregavel/build/lib/ros2_pkg_entregavel/teste.py -> /home/joao/Documents/GitHub/Module8-exercises/entregavel01/src/ros2_pkg_entregavel/install/ros2_pkg_entregavel/lib/python3.10/site-packages/ros2_pkg_entregavel
[0.803s] byte-compiling /home/joao/Documents/GitHub/Module8-exercises/entregavel01/src/ros2_pkg_entregavel/install/ros2_pkg_entregavel/lib/python3.10/site-packages/ros2_pkg_entregavel/__init__.py to __init__.cpython-310.pyc
[0.803s] byte-compiling /home/joao/Documents/GitHub/Module8-exercises/entregavel01/src/ros2_pkg_entregavel/install/ros2_pkg_entregavel/lib/python3.10/site-packages/ros2_pkg_entregavel/teste.py to teste.cpython-310.pyc
[0.803s] running install_data
[0.803s] creating /home/joao/Documents/GitHub/Module8-exercises/entregavel01/src/ros2_pkg_entregavel/install/ros2_pkg_entregavel/share/ament_index
[0.803s] creating /home/joao/Documents/GitHub/Module8-exercises/entregavel01/src/ros2_pkg_entregavel/install/ros2_pkg_entregavel/share/ament_index/resource_index
[0.803s] creating /home/joao/Documents/GitHub/Module8-exercises/entregavel01/src/ros2_pkg_entregavel/install/ros2_pkg_entregavel/share/ament_index/resource_index/packages
[0.803s] copying resource/ros2_pkg_entregavel -> /home/joao/Documents/GitHub/Module8-exercises/entregavel01/src/ros2_pkg_entregavel/install/ros2_pkg_entregavel/share/ament_index/resource_index/packages
[0.804s] copying package.xml -> /home/joao/Documents/GitHub/Module8-exercises/entregavel01/src/ros2_pkg_entregavel/install/ros2_pkg_entregavel/share/ros2_pkg_entregavel
[0.804s] creating /home/joao/Documents/GitHub/Module8-exercises/entregavel01/src/ros2_pkg_entregavel/install/ros2_pkg_entregavel/share/ros2_pkg_entregavel/launch
[0.804s] running install_egg_info
[0.805s] Copying build/ros2_pkg_entregavel/ros2_pkg_entregavel.egg-info to /home/joao/Documents/GitHub/Module8-exercises/entregavel01/src/ros2_pkg_entregavel/install/ros2_pkg_entregavel/lib/python3.10/site-packages/ros2_pkg_entregavel-0.0.0-py3.10.egg-info
[0.805s] running install_scripts
[0.820s] Installing teste script to /home/joao/Documents/GitHub/Module8-exercises/entregavel01/src/ros2_pkg_entregavel/install/ros2_pkg_entregavel/lib/ros2_pkg_entregavel
[0.821s] writing list of installed files to '/home/joao/Documents/GitHub/Module8-exercises/entregavel01/src/ros2_pkg_entregavel/build/ros2_pkg_entregavel/install.log'
[0.847s] Invoked command in '/home/joao/Documents/GitHub/Module8-exercises/entregavel01/src/ros2_pkg_entregavel' returned '0': PYTHONPATH=/home/joao/Documents/GitHub/Module8-exercises/entregavel01/src/ros2_pkg_entregavel/build/ros2_pkg_entregavel/prefix_override:/home/joao/Documents/GitHub/Module8-exercises/entregavel01/src/ros2_pkg_entregavel/install/ros2_pkg_entregavel/lib/python3.10/site-packages:${PYTHONPATH} /usr/bin/python3 setup.py egg_info --egg-base build/ros2_pkg_entregavel build --build-base /home/joao/Documents/GitHub/Module8-exercises/entregavel01/src/ros2_pkg_entregavel/build/ros2_pkg_entregavel/build install --record /home/joao/Documents/GitHub/Module8-exercises/entregavel01/src/ros2_pkg_entregavel/build/ros2_pkg_entregavel/install.log --single-version-externally-managed
