[0.737s] DEBUG:colcon:Command line arguments: ['/usr/bin/colcon', 'build']
[0.737s] DEBUG:colcon:Parsed command line arguments: Namespace(log_base=None, log_level=None, verb_name='build', build_base='build', install_base='install', merge_install=False, symlink_install=False, test_result_base=None, continue_on_error=False, executor='parallel', parallel_workers=12, event_handlers=None, ignore_user_meta=False, metas=['./colcon.meta'], base_paths=['.'], packages_ignore=None, packages_ignore_regex=None, paths=None, packages_up_to=None, packages_up_to_regex=None, packages_above=None, packages_above_and_dependencies=None, packages_above_depth=None, packages_select_by_dep=None, packages_skip_by_dep=None, packages_skip_up_to=None, packages_select_build_failed=False, packages_skip_build_finished=False, packages_select_test_failures=False, packages_skip_test_passed=False, packages_select=None, packages_skip=None, packages_select_regex=None, packages_skip_regex=None, packages_start=None, packages_end=None, allow_overriding=[], cmake_args=None, cmake_target=None, cmake_target_skip_unavailable=False, cmake_clean_cache=False, cmake_clean_first=False, cmake_force_configure=False, ament_cmake_args=None, catkin_cmake_args=None, catkin_skip_building_tests=False, verb_parser=<colcon_defaults.argument_parser.defaults.DefaultArgumentsDecorator object at 0x7f03f7fff580>, verb_extension=<colcon_core.verb.build.BuildVerb object at 0x7f03f7ffdf30>, main=<bound method BuildVerb.main of <colcon_core.verb.build.BuildVerb object at 0x7f03f7ffdf30>>)
[0.772s] Level 1:colcon.colcon_core.package_discovery:discover_packages(colcon_meta) check parameters
[0.772s] Level 1:colcon.colcon_core.package_discovery:discover_packages(recursive) check parameters
[0.772s] Level 1:colcon.colcon_core.package_discovery:discover_packages(ignore) check parameters
[0.772s] Level 1:colcon.colcon_core.package_discovery:discover_packages(path) check parameters
[0.772s] Level 1:colcon.colcon_core.package_discovery:discover_packages(colcon_meta) discover
[0.772s] Level 1:colcon.colcon_core.package_discovery:discover_packages(recursive) discover
[0.772s] INFO:colcon.colcon_core.package_discovery:Crawling recursively for packages in '/home/joao/Documents/GitHub/Module8-exercises/entregavel01/src/ros2_pkg_entregavel'
[0.772s] Level 1:colcon.colcon_core.package_identification:_identify(.) by extensions ['ignore', 'ignore_ament_install']
[0.772s] Level 1:colcon.colcon_core.package_identification:_identify(.) by extension 'ignore'
[0.772s] Level 1:colcon.colcon_core.package_identification:_identify(.) by extension 'ignore_ament_install'
[0.772s] Level 1:colcon.colcon_core.package_identification:_identify(.) by extensions ['colcon_pkg']
[0.772s] Level 1:colcon.colcon_core.package_identification:_identify(.) by extension 'colcon_pkg'
[0.772s] Level 1:colcon.colcon_core.package_identification:_identify(.) by extensions ['colcon_meta']
[0.772s] Level 1:colcon.colcon_core.package_identification:_identify(.) by extension 'colcon_meta'
[0.772s] Level 1:colcon.colcon_core.package_identification:_identify(.) by extensions ['ros']
[0.772s] Level 1:colcon.colcon_core.package_identification:_identify(.) by extension 'ros'
[0.783s] DEBUG:colcon.colcon_core.package_identification:Package '.' with type 'ros.ament_python' and name 'ros2_pkg_entregavel'
[0.783s] Level 1:colcon.colcon_core.package_discovery:discover_packages(recursive) using defaults
[0.783s] Level 1:colcon.colcon_core.package_discovery:discover_packages(ignore) discover
[0.783s] Level 1:colcon.colcon_core.package_discovery:discover_packages(ignore) using defaults
[0.783s] Level 1:colcon.colcon_core.package_discovery:discover_packages(path) discover
[0.783s] Level 1:colcon.colcon_core.package_discovery:discover_packages(path) using defaults
[0.850s] Level 1:colcon.colcon_core.package_discovery:discover_packages(prefix_path) check parameters
[0.851s] Level 1:colcon.colcon_core.package_discovery:discover_packages(prefix_path) discover
[0.861s] WARNING:colcon.colcon_core.prefix_path.colcon:The path '/home/joao/Documents/GitHub/Module8-exercises/entregavel01/src/install' in the environment variable COLCON_PREFIX_PATH doesn't exist
[0.861s] WARNING:colcon.colcon_ros.prefix_path.ament:The path '/home/joao/Documents/GitHub/Module8-exercises/entregavel01/src/install/ros2_pkg_entregavel' in the environment variable AMENT_PREFIX_PATH doesn't exist
[0.861s] WARNING:colcon.colcon_ros.prefix_path.ament:The path '/home/joao/Documents/GitHub/Module8-exercises/entregavel01/src/ros2_pkg_entregavel/install/ros2_pkg_entregavel' in the environment variable AMENT_PREFIX_PATH doesn't exist
[0.862s] WARNING:colcon.colcon_ros.prefix_path.ament:The path '/home/joao/Documents/GitHub/Module8-exercises/entregavel01/src/install/ros2_entregavel' in the environment variable AMENT_PREFIX_PATH doesn't exist
[0.873s] DEBUG:colcon.colcon_installed_package_information.package_discovery:Found 0 installed packages in /home/joao/Documents/GitHub/Module8-exercises/entregavel01/src/ros2_pkg_entregavel/install
[0.884s] DEBUG:colcon.colcon_installed_package_information.package_discovery:Found 387 installed packages in /opt/ros/humble
[0.885s] Level 1:colcon.colcon_core.package_discovery:discover_packages(prefix_path) using defaults
[0.962s] Level 5:colcon.colcon_core.verb:set package 'ros2_pkg_entregavel' build argument 'cmake_args' from command line to 'None'
[0.962s] Level 5:colcon.colcon_core.verb:set package 'ros2_pkg_entregavel' build argument 'cmake_target' from command line to 'None'
[0.962s] Level 5:colcon.colcon_core.verb:set package 'ros2_pkg_entregavel' build argument 'cmake_target_skip_unavailable' from command line to 'False'
[0.962s] Level 5:colcon.colcon_core.verb:set package 'ros2_pkg_entregavel' build argument 'cmake_clean_cache' from command line to 'False'
[0.962s] Level 5:colcon.colcon_core.verb:set package 'ros2_pkg_entregavel' build argument 'cmake_clean_first' from command line to 'False'
[0.962s] Level 5:colcon.colcon_core.verb:set package 'ros2_pkg_entregavel' build argument 'cmake_force_configure' from command line to 'False'
[0.962s] Level 5:colcon.colcon_core.verb:set package 'ros2_pkg_entregavel' build argument 'ament_cmake_args' from command line to 'None'
[0.962s] Level 5:colcon.colcon_core.verb:set package 'ros2_pkg_entregavel' build argument 'catkin_cmake_args' from command line to 'None'
[0.962s] Level 5:colcon.colcon_core.verb:set package 'ros2_pkg_entregavel' build argument 'catkin_skip_building_tests' from command line to 'False'
[0.962s] DEBUG:colcon.colcon_core.verb:Building package 'ros2_pkg_entregavel' with the following arguments: {'ament_cmake_args': None, 'build_base': '/home/joao/Documents/GitHub/Module8-exercises/entregavel01/src/ros2_pkg_entregavel/build/ros2_pkg_entregavel', 'catkin_cmake_args': None, 'catkin_skip_building_tests': False, 'cmake_args': None, 'cmake_clean_cache': False, 'cmake_clean_first': False, 'cmake_force_configure': False, 'cmake_target': None, 'cmake_target_skip_unavailable': False, 'install_base': '/home/joao/Documents/GitHub/Module8-exercises/entregavel01/src/ros2_pkg_entregavel/install/ros2_pkg_entregavel', 'merge_install': False, 'path': '/home/joao/Documents/GitHub/Module8-exercises/entregavel01/src/ros2_pkg_entregavel', 'symlink_install': False, 'test_result_base': None}
[0.972s] INFO:colcon.colcon_core.executor:Executing jobs using 'parallel' executor
[0.983s] DEBUG:colcon.colcon_parallel_executor.executor.parallel:run_until_complete
[0.983s] INFO:colcon.colcon_ros.task.ament_python.build:Building ROS package in '/home/joao/Documents/GitHub/Module8-exercises/entregavel01/src/ros2_pkg_entregavel' with build type 'ament_python'
[0.983s] Level 1:colcon.colcon_core.shell:create_environment_hook('ros2_pkg_entregavel', 'ament_prefix_path')
[0.995s] INFO:colcon.colcon_core.plugin_system:Skipping extension 'colcon_core.shell.bat': Not used on non-Windows systems
[0.995s] INFO:colcon.colcon_core.shell:Creating environment hook '/home/joao/Documents/GitHub/Module8-exercises/entregavel01/src/ros2_pkg_entregavel/install/ros2_pkg_entregavel/share/ros2_pkg_entregavel/hook/ament_prefix_path.ps1'
[0.996s] INFO:colcon.colcon_core.shell:Creating environment descriptor '/home/joao/Documents/GitHub/Module8-exercises/entregavel01/src/ros2_pkg_entregavel/install/ros2_pkg_entregavel/share/ros2_pkg_entregavel/hook/ament_prefix_path.dsv'
[0.996s] INFO:colcon.colcon_core.shell:Creating environment hook '/home/joao/Documents/GitHub/Module8-exercises/entregavel01/src/ros2_pkg_entregavel/install/ros2_pkg_entregavel/share/ros2_pkg_entregavel/hook/ament_prefix_path.sh'
[1.007s] INFO:colcon.colcon_core.shell:Skip shell extension 'powershell' for command environment: Not usable outside of PowerShell
[1.007s] DEBUG:colcon.colcon_core.shell:Skip shell extension 'dsv' for command environment
[1.253s] INFO:colcon.colcon_core.task.python.build:Building Python package in '/home/joao/Documents/GitHub/Module8-exercises/entregavel01/src/ros2_pkg_entregavel'
[1.264s] INFO:colcon.colcon_core.shell:Skip shell extension 'powershell' for command environment: Not usable outside of PowerShell
[1.264s] DEBUG:colcon.colcon_core.shell:Skip shell extension 'dsv' for command environment
[1.598s] DEBUG:colcon.colcon_core.event_handler.log_command:Invoking command in '/home/joao/Documents/GitHub/Module8-exercises/entregavel01/src/ros2_pkg_entregavel': PYTHONPATH=/home/joao/Documents/GitHub/Module8-exercises/entregavel01/src/ros2_pkg_entregavel/build/ros2_pkg_entregavel/prefix_override:/home/joao/Documents/GitHub/Module8-exercises/entregavel01/src/ros2_pkg_entregavel/install/ros2_pkg_entregavel/lib/python3.10/site-packages:${PYTHONPATH} /usr/bin/python3 setup.py egg_info --egg-base build/ros2_pkg_entregavel build --build-base /home/joao/Documents/GitHub/Module8-exercises/entregavel01/src/ros2_pkg_entregavel/build/ros2_pkg_entregavel/build install --record /home/joao/Documents/GitHub/Module8-exercises/entregavel01/src/ros2_pkg_entregavel/build/ros2_pkg_entregavel/install.log --single-version-externally-managed
[1.831s] DEBUG:colcon.colcon_core.event_handler.log_command:Invoked command in '/home/joao/Documents/GitHub/Module8-exercises/entregavel01/src/ros2_pkg_entregavel' returned '0': PYTHONPATH=/home/joao/Documents/GitHub/Module8-exercises/entregavel01/src/ros2_pkg_entregavel/build/ros2_pkg_entregavel/prefix_override:/home/joao/Documents/GitHub/Module8-exercises/entregavel01/src/ros2_pkg_entregavel/install/ros2_pkg_entregavel/lib/python3.10/site-packages:${PYTHONPATH} /usr/bin/python3 setup.py egg_info --egg-base build/ros2_pkg_entregavel build --build-base /home/joao/Documents/GitHub/Module8-exercises/entregavel01/src/ros2_pkg_entregavel/build/ros2_pkg_entregavel/build install --record /home/joao/Documents/GitHub/Module8-exercises/entregavel01/src/ros2_pkg_entregavel/build/ros2_pkg_entregavel/install.log --single-version-externally-managed
[1.843s] Level 1:colcon.colcon_core.environment:checking '/home/joao/Documents/GitHub/Module8-exercises/entregavel01/src/ros2_pkg_entregavel/install/ros2_pkg_entregavel' for CMake module files
[1.843s] Level 1:colcon.colcon_core.environment:checking '/home/joao/Documents/GitHub/Module8-exercises/entregavel01/src/ros2_pkg_entregavel/install/ros2_pkg_entregavel' for CMake config files
[1.844s] Level 1:colcon.colcon_core.environment:checking '/home/joao/Documents/GitHub/Module8-exercises/entregavel01/src/ros2_pkg_entregavel/install/ros2_pkg_entregavel/lib'
[1.844s] Level 1:colcon.colcon_core.environment:checking '/home/joao/Documents/GitHub/Module8-exercises/entregavel01/src/ros2_pkg_entregavel/install/ros2_pkg_entregavel/bin'
[1.844s] Level 1:colcon.colcon_core.environment:checking '/home/joao/Documents/GitHub/Module8-exercises/entregavel01/src/ros2_pkg_entregavel/install/ros2_pkg_entregavel/lib/pkgconfig/ros2_pkg_entregavel.pc'
[1.844s] Level 1:colcon.colcon_core.environment:checking '/home/joao/Documents/GitHub/Module8-exercises/entregavel01/src/ros2_pkg_entregavel/install/ros2_pkg_entregavel/lib/python3.10/site-packages'
[1.844s] Level 1:colcon.colcon_core.shell:create_environment_hook('ros2_pkg_entregavel', 'pythonpath')
[1.855s] INFO:colcon.colcon_core.shell:Creating environment hook '/home/joao/Documents/GitHub/Module8-exercises/entregavel01/src/ros2_pkg_entregavel/install/ros2_pkg_entregavel/share/ros2_pkg_entregavel/hook/pythonpath.ps1'
[1.855s] INFO:colcon.colcon_core.shell:Creating environment descriptor '/home/joao/Documents/GitHub/Module8-exercises/entregavel01/src/ros2_pkg_entregavel/install/ros2_pkg_entregavel/share/ros2_pkg_entregavel/hook/pythonpath.dsv'
[1.855s] INFO:colcon.colcon_core.shell:Creating environment hook '/home/joao/Documents/GitHub/Module8-exercises/entregavel01/src/ros2_pkg_entregavel/install/ros2_pkg_entregavel/share/ros2_pkg_entregavel/hook/pythonpath.sh'
[1.855s] Level 1:colcon.colcon_core.environment:checking '/home/joao/Documents/GitHub/Module8-exercises/entregavel01/src/ros2_pkg_entregavel/install/ros2_pkg_entregavel/bin'
[1.855s] Level 1:colcon.colcon_core.environment:create_environment_scripts_only(ros2_pkg_entregavel)
[1.866s] INFO:colcon.colcon_core.shell:Creating package script '/home/joao/Documents/GitHub/Module8-exercises/entregavel01/src/ros2_pkg_entregavel/install/ros2_pkg_entregavel/share/ros2_pkg_entregavel/package.ps1'
[1.866s] INFO:colcon.colcon_core.shell:Creating package descriptor '/home/joao/Documents/GitHub/Module8-exercises/entregavel01/src/ros2_pkg_entregavel/install/ros2_pkg_entregavel/share/ros2_pkg_entregavel/package.dsv'
[1.867s] INFO:colcon.colcon_core.shell:Creating package script '/home/joao/Documents/GitHub/Module8-exercises/entregavel01/src/ros2_pkg_entregavel/install/ros2_pkg_entregavel/share/ros2_pkg_entregavel/package.sh'
[1.867s] INFO:colcon.colcon_core.shell:Creating package script '/home/joao/Documents/GitHub/Module8-exercises/entregavel01/src/ros2_pkg_entregavel/install/ros2_pkg_entregavel/share/ros2_pkg_entregavel/package.bash'
[1.867s] INFO:colcon.colcon_core.shell:Creating package script '/home/joao/Documents/GitHub/Module8-exercises/entregavel01/src/ros2_pkg_entregavel/install/ros2_pkg_entregavel/share/ros2_pkg_entregavel/package.zsh'
[1.868s] Level 1:colcon.colcon_core.environment:create_file_with_runtime_dependencies(/home/joao/Documents/GitHub/Module8-exercises/entregavel01/src/ros2_pkg_entregavel/install/ros2_pkg_entregavel/share/colcon-core/packages/ros2_pkg_entregavel)
[1.868s] DEBUG:colcon.colcon_parallel_executor.executor.parallel:closing loop
[1.869s] DEBUG:colcon.colcon_parallel_executor.executor.parallel:loop closed
[1.869s] DEBUG:colcon.colcon_parallel_executor.executor.parallel:run_until_complete finished with '0'
[1.869s] DEBUG:colcon.colcon_core.event_reactor:joining thread
[1.896s] INFO:colcon.colcon_core.plugin_system:Skipping extension 'colcon_notification.desktop_notification.terminal_notifier': Not used on non-Darwin systems
[1.896s] INFO:colcon.colcon_core.plugin_system:Skipping extension 'colcon_notification.desktop_notification.win32': Not used on non-Windows systems
[1.896s] INFO:colcon.colcon_notification.desktop_notification:Sending desktop notification using 'notify2'
[1.910s] DEBUG:colcon.colcon_core.event_reactor:joined thread
[1.922s] INFO:colcon.colcon_core.shell:Creating prefix script '/home/joao/Documents/GitHub/Module8-exercises/entregavel01/src/ros2_pkg_entregavel/install/local_setup.ps1'
[1.923s] INFO:colcon.colcon_core.shell:Creating prefix util module '/home/joao/Documents/GitHub/Module8-exercises/entregavel01/src/ros2_pkg_entregavel/install/_local_setup_util_ps1.py'
[1.923s] INFO:colcon.colcon_core.shell:Creating prefix chain script '/home/joao/Documents/GitHub/Module8-exercises/entregavel01/src/ros2_pkg_entregavel/install/setup.ps1'
[1.935s] INFO:colcon.colcon_core.shell:Creating prefix script '/home/joao/Documents/GitHub/Module8-exercises/entregavel01/src/ros2_pkg_entregavel/install/local_setup.sh'
[1.936s] INFO:colcon.colcon_core.shell:Creating prefix util module '/home/joao/Documents/GitHub/Module8-exercises/entregavel01/src/ros2_pkg_entregavel/install/_local_setup_util_sh.py'
[1.936s] INFO:colcon.colcon_core.shell:Creating prefix chain script '/home/joao/Documents/GitHub/Module8-exercises/entregavel01/src/ros2_pkg_entregavel/install/setup.sh'
[1.947s] INFO:colcon.colcon_core.shell:Creating prefix script '/home/joao/Documents/GitHub/Module8-exercises/entregavel01/src/ros2_pkg_entregavel/install/local_setup.bash'
[1.948s] INFO:colcon.colcon_core.shell:Creating prefix chain script '/home/joao/Documents/GitHub/Module8-exercises/entregavel01/src/ros2_pkg_entregavel/install/setup.bash'
[1.959s] INFO:colcon.colcon_core.shell:Creating prefix script '/home/joao/Documents/GitHub/Module8-exercises/entregavel01/src/ros2_pkg_entregavel/install/local_setup.zsh'
[1.959s] INFO:colcon.colcon_core.shell:Creating prefix chain script '/home/joao/Documents/GitHub/Module8-exercises/entregavel01/src/ros2_pkg_entregavel/install/setup.zsh'
