/home/joao/Documents/GitHub/Module8-exercises/entregavel01/src/ros2_entregavel01/install/ros2_entregavel01/lib/python3.10/site-packages/ros2_entregavel01/ola.py
/home/joao/Documents/GitHub/Module8-exercises/entregavel01/src/ros2_entregavel01/install/ros2_entregavel01/lib/python3.10/site-packages/ros2_entregavel01/__init__.py
/home/joao/Documents/GitHub/Module8-exercises/entregavel01/src/ros2_entregavel01/install/ros2_entregavel01/lib/python3.10/site-packages/ros2_entregavel01/set_initial_pose_nav2.py
/home/joao/Documents/GitHub/Module8-exercises/entregavel01/src/ros2_entregavel01/install/ros2_entregavel01/lib/python3.10/site-packages/ros2_entregavel01/nav2_go_to_pose.py
/home/joao/Documents/GitHub/Module8-exercises/entregavel01/src/ros2_entregavel01/install/ros2_entregavel01/lib/python3.10/site-packages/ros2_entregavel01/__pycache__/ola.cpython-310.pyc
/home/joao/Documents/GitHub/Module8-exercises/entregavel01/src/ros2_entregavel01/install/ros2_entregavel01/lib/python3.10/site-packages/ros2_entregavel01/__pycache__/__init__.cpython-310.pyc
/home/joao/Documents/GitHub/Module8-exercises/entregavel01/src/ros2_entregavel01/install/ros2_entregavel01/lib/python3.10/site-packages/ros2_entregavel01/__pycache__/set_initial_pose_nav2.cpython-310.pyc
/home/joao/Documents/GitHub/Module8-exercises/entregavel01/src/ros2_entregavel01/install/ros2_entregavel01/lib/python3.10/site-packages/ros2_entregavel01/__pycache__/nav2_go_to_pose.cpython-310.pyc
/home/joao/Documents/GitHub/Module8-exercises/entregavel01/src/ros2_entregavel01/install/ros2_entregavel01/share/ament_index/resource_index/packages/ros2_entregavel01
/home/joao/Documents/GitHub/Module8-exercises/entregavel01/src/ros2_entregavel01/install/ros2_entregavel01/share/ros2_entregavel01/package.xml
/home/joao/Documents/GitHub/Module8-exercises/entregavel01/src/ros2_entregavel01/install/ros2_entregavel01/share/ros2_entregavel01/launch/map-saver.launch.py
/home/joao/Documents/GitHub/Module8-exercises/entregavel01/src/ros2_entregavel01/install/ros2_entregavel01/share/ros2_entregavel01/launch/navigation-launcher.launch.py
/home/joao/Documents/GitHub/Module8-exercises/entregavel01/src/ros2_entregavel01/install/ros2_entregavel01/share/ros2_entregavel01/launch/mapping-launcher.launch.py
/home/joao/Documents/GitHub/Module8-exercises/entregavel01/src/ros2_entregavel01/install/ros2_entregavel01/lib/python3.10/site-packages/ros2_entregavel01-0.0.0-py3.10.egg-info/entry_points.txt
/home/joao/Documents/GitHub/Module8-exercises/entregavel01/src/ros2_entregavel01/install/ros2_entregavel01/lib/python3.10/site-packages/ros2_entregavel01-0.0.0-py3.10.egg-info/top_level.txt
/home/joao/Documents/GitHub/Module8-exercises/entregavel01/src/ros2_entregavel01/install/ros2_entregavel01/lib/python3.10/site-packages/ros2_entregavel01-0.0.0-py3.10.egg-info/SOURCES.txt
/home/joao/Documents/GitHub/Module8-exercises/entregavel01/src/ros2_entregavel01/install/ros2_entregavel01/lib/python3.10/site-packages/ros2_entregavel01-0.0.0-py3.10.egg-info/zip-safe
/home/joao/Documents/GitHub/Module8-exercises/entregavel01/src/ros2_entregavel01/install/ros2_entregavel01/lib/python3.10/site-packages/ros2_entregavel01-0.0.0-py3.10.egg-info/dependency_links.txt
/home/joao/Documents/GitHub/Module8-exercises/entregavel01/src/ros2_entregavel01/install/ros2_entregavel01/lib/python3.10/site-packages/ros2_entregavel01-0.0.0-py3.10.egg-info/requires.txt
/home/joao/Documents/GitHub/Module8-exercises/entregavel01/src/ros2_entregavel01/install/ros2_entregavel01/lib/python3.10/site-packages/ros2_entregavel01-0.0.0-py3.10.egg-info/PKG-INFO
/home/joao/Documents/GitHub/Module8-exercises/entregavel01/src/ros2_entregavel01/install/ros2_entregavel01/lib/ros2_entregavel01/go_to_pose
/home/joao/Documents/GitHub/Module8-exercises/entregavel01/src/ros2_entregavel01/install/ros2_entregavel01/lib/ros2_entregavel01/set_initial_pose
/home/joao/Documents/GitHub/Module8-exercises/entregavel01/src/ros2_entregavel01/install/ros2_entregavel01/lib/ros2_entregavel01/teste
