[0.712s] Invoking command in '/home/joao/Documents/GitHub/Module8-exercises/entregavel01/src/ros2_entregavel01': PYTHONPATH=/home/joao/Documents/GitHub/Module8-exercises/entregavel01/src/ros2_entregavel01/build/ros2_entregavel01/prefix_override:/home/joao/Documents/GitHub/Module8-exercises/entregavel01/src/ros2_entregavel01/install/ros2_entregavel01/lib/python3.10/site-packages:${PYTHONPATH} /usr/bin/python3 setup.py egg_info --egg-base build/ros2_entregavel01 build --build-base /home/joao/Documents/GitHub/Module8-exercises/entregavel01/src/ros2_entregavel01/build/ros2_entregavel01/build install --record /home/joao/Documents/GitHub/Module8-exercises/entregavel01/src/ros2_entregavel01/build/ros2_entregavel01/install.log --single-version-externally-managed
[0.921s] running egg_info
[0.921s] writing build/ros2_entregavel01/ros2_entregavel01.egg-info/PKG-INFO
[0.921s] writing dependency_links to build/ros2_entregavel01/ros2_entregavel01.egg-info/dependency_links.txt
[0.921s] writing entry points to build/ros2_entregavel01/ros2_entregavel01.egg-info/entry_points.txt
[0.922s] writing requirements to build/ros2_entregavel01/ros2_entregavel01.egg-info/requires.txt
[0.922s] writing top-level names to build/ros2_entregavel01/ros2_entregavel01.egg-info/top_level.txt
[0.923s] reading manifest file 'build/ros2_entregavel01/ros2_entregavel01.egg-info/SOURCES.txt'
[0.924s] writing manifest file 'build/ros2_entregavel01/ros2_entregavel01.egg-info/SOURCES.txt'
[0.924s] running build
[0.924s] running build_py
[0.925s] running install
[0.925s] running install_lib
[0.926s] running install_data
[0.926s] creating /home/joao/Documents/GitHub/Module8-exercises/entregavel01/src/ros2_entregavel01/install/ros2_entregavel01/share/ros2_entregavel01/launch
[0.927s] copying launch/map-saver.launch.py -> /home/joao/Documents/GitHub/Module8-exercises/entregavel01/src/ros2_entregavel01/install/ros2_entregavel01/share/ros2_entregavel01/launch
[0.927s] copying launch/navigation-launcher.launch.py -> /home/joao/Documents/GitHub/Module8-exercises/entregavel01/src/ros2_entregavel01/install/ros2_entregavel01/share/ros2_entregavel01/launch
[0.927s] copying launch/mapping-launcher.launch.py -> /home/joao/Documents/GitHub/Module8-exercises/entregavel01/src/ros2_entregavel01/install/ros2_entregavel01/share/ros2_entregavel01/launch
[0.927s] running install_egg_info
[0.928s] removing '/home/joao/Documents/GitHub/Module8-exercises/entregavel01/src/ros2_entregavel01/install/ros2_entregavel01/lib/python3.10/site-packages/ros2_entregavel01-0.0.0-py3.10.egg-info' (and everything under it)
[0.929s] Copying build/ros2_entregavel01/ros2_entregavel01.egg-info to /home/joao/Documents/GitHub/Module8-exercises/entregavel01/src/ros2_entregavel01/install/ros2_entregavel01/lib/python3.10/site-packages/ros2_entregavel01-0.0.0-py3.10.egg-info
[0.930s] running install_scripts
[0.947s] Installing teste script to /home/joao/Documents/GitHub/Module8-exercises/entregavel01/src/ros2_entregavel01/install/ros2_entregavel01/lib/ros2_entregavel01
[0.947s] writing list of installed files to '/home/joao/Documents/GitHub/Module8-exercises/entregavel01/src/ros2_entregavel01/build/ros2_entregavel01/install.log'
[0.972s] Invoked command in '/home/joao/Documents/GitHub/Module8-exercises/entregavel01/src/ros2_entregavel01' returned '0': PYTHONPATH=/home/joao/Documents/GitHub/Module8-exercises/entregavel01/src/ros2_entregavel01/build/ros2_entregavel01/prefix_override:/home/joao/Documents/GitHub/Module8-exercises/entregavel01/src/ros2_entregavel01/install/ros2_entregavel01/lib/python3.10/site-packages:${PYTHONPATH} /usr/bin/python3 setup.py egg_info --egg-base build/ros2_entregavel01 build --build-base /home/joao/Documents/GitHub/Module8-exercises/entregavel01/src/ros2_entregavel01/build/ros2_entregavel01/build install --record /home/joao/Documents/GitHub/Module8-exercises/entregavel01/src/ros2_entregavel01/build/ros2_entregavel01/install.log --single-version-externally-managed
