[0.603s] Invoking command in '/home/joao/Documents/GitHub/Module8-exercises/entregavel01/src/ros2_entregavel01': PYTHONPATH=/home/joao/Documents/GitHub/Module8-exercises/entregavel01/src/ros2_entregavel01/build/ros2_entregavel01/prefix_override:/home/joao/Documents/GitHub/Module8-exercises/entregavel01/src/ros2_entregavel01/install/ros2_entregavel01/lib/python3.10/site-packages:${PYTHONPATH} /usr/bin/python3 setup.py egg_info --egg-base build/ros2_entregavel01 build --build-base /home/joao/Documents/GitHub/Module8-exercises/entregavel01/src/ros2_entregavel01/build/ros2_entregavel01/build install --record /home/joao/Documents/GitHub/Module8-exercises/entregavel01/src/ros2_entregavel01/build/ros2_entregavel01/install.log --single-version-externally-managed
[0.784s] running egg_info
[0.785s] creating build/ros2_entregavel01/ros2_entregavel01.egg-info
[0.785s] writing build/ros2_entregavel01/ros2_entregavel01.egg-info/PKG-INFO
[0.785s] writing dependency_links to build/ros2_entregavel01/ros2_entregavel01.egg-info/dependency_links.txt
[0.785s] writing entry points to build/ros2_entregavel01/ros2_entregavel01.egg-info/entry_points.txt
[0.785s] writing requirements to build/ros2_entregavel01/ros2_entregavel01.egg-info/requires.txt
[0.785s] writing top-level names to build/ros2_entregavel01/ros2_entregavel01.egg-info/top_level.txt
[0.786s] writing manifest file 'build/ros2_entregavel01/ros2_entregavel01.egg-info/SOURCES.txt'
[0.787s] reading manifest file 'build/ros2_entregavel01/ros2_entregavel01.egg-info/SOURCES.txt'
[0.788s] writing manifest file 'build/ros2_entregavel01/ros2_entregavel01.egg-info/SOURCES.txt'
[0.788s] running build
[0.788s] running build_py
[0.788s] creating /home/joao/Documents/GitHub/Module8-exercises/entregavel01/src/ros2_entregavel01/build/ros2_entregavel01/build
[0.788s] creating /home/joao/Documents/GitHub/Module8-exercises/entregavel01/src/ros2_entregavel01/build/ros2_entregavel01/build/lib
[0.788s] creating /home/joao/Documents/GitHub/Module8-exercises/entregavel01/src/ros2_entregavel01/build/ros2_entregavel01/build/lib/ros2_entregavel01
[0.788s] copying ros2_entregavel01/ola.py -> /home/joao/Documents/GitHub/Module8-exercises/entregavel01/src/ros2_entregavel01/build/ros2_entregavel01/build/lib/ros2_entregavel01
[0.788s] copying ros2_entregavel01/__init__.py -> /home/joao/Documents/GitHub/Module8-exercises/entregavel01/src/ros2_entregavel01/build/ros2_entregavel01/build/lib/ros2_entregavel01
[0.788s] running install
[0.789s] running install_lib
[0.789s] creating /home/joao/Documents/GitHub/Module8-exercises/entregavel01/src/ros2_entregavel01/install/ros2_entregavel01/lib/python3.10/site-packages/ros2_entregavel01
[0.789s] copying /home/joao/Documents/GitHub/Module8-exercises/entregavel01/src/ros2_entregavel01/build/ros2_entregavel01/build/lib/ros2_entregavel01/ola.py -> /home/joao/Documents/GitHub/Module8-exercises/entregavel01/src/ros2_entregavel01/install/ros2_entregavel01/lib/python3.10/site-packages/ros2_entregavel01
[0.789s] copying /home/joao/Documents/GitHub/Module8-exercises/entregavel01/src/ros2_entregavel01/build/ros2_entregavel01/build/lib/ros2_entregavel01/__init__.py -> /home/joao/Documents/GitHub/Module8-exercises/entregavel01/src/ros2_entregavel01/install/ros2_entregavel01/lib/python3.10/site-packages/ros2_entregavel01
[0.790s] byte-compiling /home/joao/Documents/GitHub/Module8-exercises/entregavel01/src/ros2_entregavel01/install/ros2_entregavel01/lib/python3.10/site-packages/ros2_entregavel01/ola.py to ola.cpython-310.pyc
[0.790s] byte-compiling /home/joao/Documents/GitHub/Module8-exercises/entregavel01/src/ros2_entregavel01/install/ros2_entregavel01/lib/python3.10/site-packages/ros2_entregavel01/__init__.py to __init__.cpython-310.pyc
[0.790s] running install_data
[0.791s] creating /home/joao/Documents/GitHub/Module8-exercises/entregavel01/src/ros2_entregavel01/install/ros2_entregavel01/share/ament_index
[0.791s] creating /home/joao/Documents/GitHub/Module8-exercises/entregavel01/src/ros2_entregavel01/install/ros2_entregavel01/share/ament_index/resource_index
[0.791s] creating /home/joao/Documents/GitHub/Module8-exercises/entregavel01/src/ros2_entregavel01/install/ros2_entregavel01/share/ament_index/resource_index/packages
[0.791s] copying resource/ros2_entregavel01 -> /home/joao/Documents/GitHub/Module8-exercises/entregavel01/src/ros2_entregavel01/install/ros2_entregavel01/share/ament_index/resource_index/packages
[0.791s] copying package.xml -> /home/joao/Documents/GitHub/Module8-exercises/entregavel01/src/ros2_entregavel01/install/ros2_entregavel01/share/ros2_entregavel01
[0.791s] running install_egg_info
[0.792s] Copying build/ros2_entregavel01/ros2_entregavel01.egg-info to /home/joao/Documents/GitHub/Module8-exercises/entregavel01/src/ros2_entregavel01/install/ros2_entregavel01/lib/python3.10/site-packages/ros2_entregavel01-0.0.0-py3.10.egg-info
[0.793s] running install_scripts
[0.808s] Installing teste script to /home/joao/Documents/GitHub/Module8-exercises/entregavel01/src/ros2_entregavel01/install/ros2_entregavel01/lib/ros2_entregavel01
[0.808s] writing list of installed files to '/home/joao/Documents/GitHub/Module8-exercises/entregavel01/src/ros2_entregavel01/build/ros2_entregavel01/install.log'
[0.830s] Invoked command in '/home/joao/Documents/GitHub/Module8-exercises/entregavel01/src/ros2_entregavel01' returned '0': PYTHONPATH=/home/joao/Documents/GitHub/Module8-exercises/entregavel01/src/ros2_entregavel01/build/ros2_entregavel01/prefix_override:/home/joao/Documents/GitHub/Module8-exercises/entregavel01/src/ros2_entregavel01/install/ros2_entregavel01/lib/python3.10/site-packages:${PYTHONPATH} /usr/bin/python3 setup.py egg_info --egg-base build/ros2_entregavel01 build --build-base /home/joao/Documents/GitHub/Module8-exercises/entregavel01/src/ros2_entregavel01/build/ros2_entregavel01/build install --record /home/joao/Documents/GitHub/Module8-exercises/entregavel01/src/ros2_entregavel01/build/ros2_entregavel01/install.log --single-version-externally-managed
